<?xml version="1.0" encoding="UTF-8"?>
<testsuite name="CheckerFrameworkWarningResolverTest" tests="1" skipped="0" failures="0" errors="0" timestamp="2024-06-20T15:28:28" hostname="ip-172-31-18-82" time="0.295">
  <properties/>
  <testcase name="testProcessWarnings(Path)" classname="CheckerFrameworkWarningResolverTest" time="0.295"/>
  <system-out><![CDATA[]]></system-out>
  <system-err><![CDATA[]]></system-err>
</testsuite>
